2025-07-19 02:06:53,446 P2419 [INFO] ************************************************************
2025-07-19 02:06:53,446 P2419 [INFO] ConfigSet _OnInstanceBoot
2025-07-19 02:06:53,449 P2419 [INFO] ++++++++++++++++++++++++++++++++++++++++++++++++++++++++++++
2025-07-19 02:06:53,449 P2419 [INFO] Config AWSEBBaseConfig
2025-07-19 02:06:53,698 P2419 [INFO] ============================================================
2025-07-19 02:06:53,699 P2419 [INFO] Command clearbackupfiles
2025-07-19 02:06:53,705 P2419 [INFO] Completed successfully.
2025-07-19 02:06:53,710 P2419 [INFO] ++++++++++++++++++++++++++++++++++++++++++++++++++++++++++++
2025-07-19 02:06:53,710 P2419 [INFO] Config AWSEBCfnHupEndpointOverride
2025-07-19 02:06:53,710 P2419 [INFO] ============================================================
2025-07-19 02:06:53,710 P2419 [INFO] Command clearbackupfiles
2025-07-19 02:06:53,714 P2419 [INFO] Completed successfully.
2025-07-19 02:08:00,094 P2870 [INFO] ************************************************************
2025-07-19 02:08:00,094 P2870 [INFO] ConfigSet Infra-EmbeddedPreBuild
2025-07-19 02:09:27,885 P2930 [INFO] ************************************************************
2025-07-19 02:09:27,885 P2930 [INFO] ConfigSet Infra-EmbeddedPreBuild
2025-07-19 04:01:49,795 P31186 [INFO] ************************************************************
2025-07-19 04:01:49,795 P31186 [INFO] ConfigSet Infra-EmbeddedPreBuild
2025-07-19 14:34:12,386 P5259 [INFO] ************************************************************
2025-07-19 14:34:12,386 P5259 [INFO] ConfigSet Infra-EmbeddedPreBuild
